c:\users\albert\documents\visual studio 2013\projects\chatserver\chatserver\debug\vc120.pdb
c:\users\albert\documents\visual studio 2013\projects\chatserver\chatserver\debug\vc120.idb
c:\users\albert\documents\visual studio 2013\projects\chatserver\chatserver\debug\list.obj
c:\users\albert\documents\visual studio 2013\projects\chatserver\chatserver\debug\main.obj
c:\users\albert\documents\visual studio 2013\projects\chatserver\chatserver\debug\msgprocessor.obj
c:\users\albert\documents\visual studio 2013\projects\chatserver\chatserver\debug\server.obj
c:\users\albert\documents\visual studio 2013\projects\chatserver\chatserver\debug\stringhelper.obj
c:\users\albert\documents\visual studio 2013\projects\chatserver\debug\chatserver.pdb
c:\users\albert\documents\visual studio 2013\projects\chatserver\chatserver\debug\chatserver.tlog\cl.command.1.tlog
c:\users\albert\documents\visual studio 2013\projects\chatserver\chatserver\debug\chatserver.tlog\cl.read.1.tlog
c:\users\albert\documents\visual studio 2013\projects\chatserver\chatserver\debug\chatserver.tlog\cl.write.1.tlog
c:\users\albert\documents\visual studio 2013\projects\chatserver\chatserver\debug\chatserver.tlog\link.6948-cvtres.read.1.tlog
c:\users\albert\documents\visual studio 2013\projects\chatserver\chatserver\debug\chatserver.tlog\link.6948-cvtres.write.1.tlog
c:\users\albert\documents\visual studio 2013\projects\chatserver\chatserver\debug\chatserver.tlog\link.6948-rc.read.1.tlog
c:\users\albert\documents\visual studio 2013\projects\chatserver\chatserver\debug\chatserver.tlog\link.6948-rc.write.1.tlog
c:\users\albert\documents\visual studio 2013\projects\chatserver\chatserver\debug\chatserver.tlog\link.6948.read.1.tlog
c:\users\albert\documents\visual studio 2013\projects\chatserver\chatserver\debug\chatserver.tlog\link.6948.write.1.tlog
c:\users\albert\documents\visual studio 2013\projects\chatserver\chatserver\debug\chatserver.tlog\link.command.1.tlog
c:\users\albert\documents\visual studio 2013\projects\chatserver\chatserver\debug\chatserver.tlog\link.read.1.tlog
c:\users\albert\documents\visual studio 2013\projects\chatserver\chatserver\debug\chatserver.tlog\link.write.1.tlog
